<?xml version="1.0" encoding="UTF-8"?>
<!-- Generated by org.testng.reporters.JUnitReportReporter -->
<testsuite hostname="user-PC" name="com.shah.automation.selenium.ITestListener12_03_2019.BaseUtilility" tests="1" failures="0" timestamp="12 Mar 2019 18:14:30 GMT" time="3.532" errors="0">
  <testcase name="gmailOne" time="3.532" classname="com.shah.automation.selenium.ITestListener12_03_2019.BaseUtilility"/>
</testsuite> <!-- com.shah.automation.selenium.ITestListener12_03_2019.BaseUtilility -->
