<?xml version="1.0" encoding="UTF-8"?>
<!-- Generated by org.testng.reporters.JUnitReportReporter -->
<testsuite hostname="user-PC" name="com.shah.selenium.automation_13032019.BaseEngine" tests="1" failures="0" timestamp="13 Mar 2019 14:01:04 GMT" time="3.810" errors="0">
  <testcase name="launchBrowser" time="3.810" classname="com.shah.selenium.automation_13032019.BaseEngine"/>
</testsuite> <!-- com.shah.selenium.automation_13032019.BaseEngine -->
