<?xml version="1.0" encoding="UTF-8"?>
<!-- Generated by org.testng.reporters.JUnitReportReporter -->
<testsuite hostname="user-PC" name="com.arraycollectionfrmwrk.selenium.automation.Array" tests="1" failures="0" timestamp="14 Mar 2019 06:12:44 GMT" time="0.031" errors="0">
  <testcase name="arrayMethod" time="0.031" classname="com.arraycollectionfrmwrk.selenium.automation.Array"/>
</testsuite> <!-- com.arraycollectionfrmwrk.selenium.automation.Array -->
