<?xml version="1.0" encoding="UTF-8"?>
<!-- Generated by org.testng.reporters.JUnitReportReporter -->
<testsuite hostname="user-PC" name="com.arraycollectionfrmwrk.selenium.automation.CollectionITest" tests="1" failures="0" timestamp="14 Mar 2019 09:02:33 GMT" time="0.030" errors="0">
  <testcase name="method" time="0.030" classname="com.arraycollectionfrmwrk.selenium.automation.CollectionITest"/>
</testsuite> <!-- com.arraycollectionfrmwrk.selenium.automation.CollectionITest -->
