<?xml version="1.0" encoding="UTF-8"?>
<!-- Generated by org.testng.reporters.JUnitReportReporter -->
<testsuite hostname="user-PC" name="com.shah.selenium.automation.testListenerAdapter.GmailLoginTest" tests="1" failures="0" timestamp="11 Mar 2019 18:56:01 GMT" time="7.718" errors="0">
  <testcase name="Gmail_login" time="7.718" classname="com.shah.selenium.automation.testListenerAdapter.GmailLoginTest"/>
</testsuite> <!-- com.shah.selenium.automation.testListenerAdapter.GmailLoginTest -->
